<?xml version="1.0" encoding="UTF-8"?>
<testsuite xmlns:xsi="http://www.w3.org/2001/XMLSchema-instance" xsi:noNamespaceSchemaLocation="https://maven.apache.org/surefire/maven-surefire-plugin/xsd/surefire-test-report-3.0.xsd" version="3.0" name="com.capitalcarrier.roomvisualizer.domain.model.RoomTest" time="0.007" tests="3" errors="0" skipped="0" failures="0">
  <properties>
[...]
</properties>
  <testcase name="newRoom_hasCorrectDefaults" classname="com.capitalcarrier.roomvisualizer.domain.model.RoomTest" time="0.002"/>
  <testcase name="settersAndGetters_workCorrectly" classname="com.capitalcarrier.roomvisualizer.domain.model.RoomTest" time="0.002"/>
  <testcase name="addFurnitureItem_increasesListSize" classname="com.capitalcarrier.roomvisualizer.domain.model.RoomTest" time="0.0"/>
</testsuite>